<?xml version="1.0" encoding="UTF-8"?>
<!-- Generated by org.testng.reporters.JUnitReportReporter -->
<testsuite skipped="0" hostname="I31721" name="com.yatra.web.tests.TestCases" tests="1" failures="0" timestamp="2020-04-11T23:58:20 IST" time="37.221" errors="0">
  <testcase name="checkoutProcessForGuestUser" time="37.221" classname="com.yatra.web.tests.TestCases"/>
</testsuite> <!-- com.yatra.web.tests.TestCases -->
